<?xml version="1.0" encoding="UTF-8"?>
<testsuites>
<testsuite timestamp="2026-09-03T03:38:41" hostname="LAPTOP-5KSA7PDG" package="eth_axi_xbar" id="0" name="cover" tests="139" errors="0" failures="0" time="4" skipped="132">
<properties>
<property name="os" value="Linux"/>
<property name="expect" value="PASS"/>
<property name="status" value="PASS"/>
</properties>
<testcase classname="cover" name="build execution" time="0">
</testcase>
<testcase classname="cover" name="Property ASSERT in eth_axi_xbar at eth_axi_xbar.sv:757.17-757.34" time="0" type="ASSERT" location="eth_axi_xbar.sv:757.17-757.34" id="_witness_.check_assert_eth_axi_xbar_sv_757_2145">
<skipped />
</testcase>
<testcase classname="cover" name="Property ASSERT in eth_axi_xbar at eth_axi_xbar.sv:757.17-757.34" time="0" type="ASSERT" location="eth_axi_xbar.sv:757.17-757.34" id="_witness_.check_assert_eth_axi_xbar_sv_757_2173">
<skipped />
</testcase>
<testcase classname="cover" name="Property ASSERT in eth_axi_xbar at eth_axi_xbar.sv:757.17-757.34" time="0" type="ASSERT" location="eth_axi_xbar.sv:757.17-757.34" id="_witness_.check_assert_eth_axi_xbar_sv_757_2201">
<skipped />
</testcase>
<testcase classname="cover" name="Property ASSERT in eth_axi_xbar at eth_axi_xbar.sv:758.17-758.34" time="0" type="ASSERT" location="eth_axi_xbar.sv:758.17-758.34" id="_witness_.check_assert_eth_axi_xbar_sv_758_2147">
<skipped />
</testcase>
<testcase classname="cover" name="Property ASSERT in eth_axi_xbar at eth_axi_xbar.sv:758.17-758.34" time="0" type="ASSERT" location="eth_axi_xbar.sv:758.17-758.34" id="_witness_.check_assert_eth_axi_xbar_sv_758_2175">
<skipped />
</testcase>
<testcase classname="cover" name="Property ASSERT in eth_axi_xbar at eth_axi_xbar.sv:758.17-758.34" time="0" type="ASSERT" location="eth_axi_xbar.sv:758.17-758.34" id="_witness_.check_assert_eth_axi_xbar_sv_758_2203">
<skipped />
</testcase>
<testcase classname="cover" name="Property ASSERT in eth_axi_xbar at eth_axi_xbar.sv:760.17-760.51" time="0" type="ASSERT" location="eth_axi_xbar.sv:760.17-760.51" id="_witness_.check_assert_eth_axi_xbar_sv_760_2149">
<skipped />
</testcase>
<testcase classname="cover" name="Property ASSERT in eth_axi_xbar at eth_axi_xbar.sv:760.17-760.51" time="0" type="ASSERT" location="eth_axi_xbar.sv:760.17-760.51" id="_witness_.check_assert_eth_axi_xbar_sv_760_2177">
<skipped />
</testcase>
<testcase classname="cover" name="Property ASSERT in eth_axi_xbar at eth_axi_xbar.sv:760.17-760.51" time="0" type="ASSERT" location="eth_axi_xbar.sv:760.17-760.51" id="_witness_.check_assert_eth_axi_xbar_sv_760_2205">
<skipped />
</testcase>
<testcase classname="cover" name="Property ASSERT in eth_axi_xbar at eth_axi_xbar.sv:761.17-761.51" time="0" type="ASSERT" location="eth_axi_xbar.sv:761.17-761.51" id="_witness_.check_assert_eth_axi_xbar_sv_761_2152">
<skipped />
</testcase>
<testcase classname="cover" name="Property ASSERT in eth_axi_xbar at eth_axi_xbar.sv:761.17-761.51" time="0" type="ASSERT" location="eth_axi_xbar.sv:761.17-761.51" id="_witness_.check_assert_eth_axi_xbar_sv_761_2180">
<skipped />
</testcase>
<testcase classname="cover" name="Property ASSERT in eth_axi_xbar at eth_axi_xbar.sv:761.17-761.51" time="0" type="ASSERT" location="eth_axi_xbar.sv:761.17-761.51" id="_witness_.check_assert_eth_axi_xbar_sv_761_2208">
<skipped />
</testcase>
<testcase classname="cover" name="Property ASSERT in eth_axi_xbar at eth_axi_xbar.sv:778.21-778.57" time="0" type="ASSERT" location="eth_axi_xbar.sv:778.21-778.57" id="_witness_.check_assert_eth_axi_xbar_sv_778_2218">
<skipped />
</testcase>
<testcase classname="cover" name="Property ASSERT in eth_axi_xbar at eth_axi_xbar.sv:778.21-778.57" time="0" type="ASSERT" location="eth_axi_xbar.sv:778.21-778.57" id="_witness_.check_assert_eth_axi_xbar_sv_778_2263">
<skipped />
</testcase>
<testcase classname="cover" name="Property ASSERT in eth_axi_xbar at eth_axi_xbar.sv:779.21-779.73" time="0" type="ASSERT" location="eth_axi_xbar.sv:779.21-779.73" id="_witness_.check_assert_eth_axi_xbar_sv_779_2223">
<skipped />
</testcase>
<testcase classname="cover" name="Property ASSERT in eth_axi_xbar at eth_axi_xbar.sv:779.21-779.73" time="0" type="ASSERT" location="eth_axi_xbar.sv:779.21-779.73" id="_witness_.check_assert_eth_axi_xbar_sv_779_2268">
<skipped />
</testcase>
<testcase classname="cover" name="Property ASSERT in eth_axi_xbar at eth_axi_xbar.sv:784.29-785.81" time="0" type="ASSERT" location="eth_axi_xbar.sv:784.29-785.81" id="_witness_.check_assert_eth_axi_xbar_sv_784_2229">
<skipped />
</testcase>
<testcase classname="cover" name="Property ASSERT in eth_axi_xbar at eth_axi_xbar.sv:784.29-785.81" time="0" type="ASSERT" location="eth_axi_xbar.sv:784.29-785.81" id="_witness_.check_assert_eth_axi_xbar_sv_784_2234">
<skipped />
</testcase>
<testcase classname="cover" name="Property ASSERT in eth_axi_xbar at eth_axi_xbar.sv:784.29-785.81" time="0" type="ASSERT" location="eth_axi_xbar.sv:784.29-785.81" id="_witness_.check_assert_eth_axi_xbar_sv_784_2274">
<skipped />
</testcase>
<testcase classname="cover" name="Property ASSERT in eth_axi_xbar at eth_axi_xbar.sv:784.29-785.81" time="0" type="ASSERT" location="eth_axi_xbar.sv:784.29-785.81" id="_witness_.check_assert_eth_axi_xbar_sv_784_2279">
<skipped />
</testcase>
<testcase classname="cover" name="Property ASSERT in eth_axi_xbar at eth_axi_xbar.sv:788.21-788.42" time="0" type="ASSERT" location="eth_axi_xbar.sv:788.21-788.42" id="_witness_.check_assert_eth_axi_xbar_sv_788_2239">
<skipped />
</testcase>
<testcase classname="cover" name="Property ASSERT in eth_axi_xbar at eth_axi_xbar.sv:788.21-788.42" time="0" type="ASSERT" location="eth_axi_xbar.sv:788.21-788.42" id="_witness_.check_assert_eth_axi_xbar_sv_788_2284">
<skipped />
</testcase>
<testcase classname="cover" name="Property ASSERT in eth_axi_xbar at eth_axi_xbar.sv:789.21-789.73" time="0" type="ASSERT" location="eth_axi_xbar.sv:789.21-789.73" id="_witness_.check_assert_eth_axi_xbar_sv_789_2241">
<skipped />
</testcase>
<testcase classname="cover" name="Property ASSERT in eth_axi_xbar at eth_axi_xbar.sv:789.21-789.73" time="0" type="ASSERT" location="eth_axi_xbar.sv:789.21-789.73" id="_witness_.check_assert_eth_axi_xbar_sv_789_2286">
<skipped />
</testcase>
<testcase classname="cover" name="Property ASSERT in eth_axi_xbar at eth_axi_xbar.sv:792.29-793.81" time="0" type="ASSERT" location="eth_axi_xbar.sv:792.29-793.81" id="_witness_.check_assert_eth_axi_xbar_sv_792_2247">
<skipped />
</testcase>
<testcase classname="cover" name="Property ASSERT in eth_axi_xbar at eth_axi_xbar.sv:792.29-793.81" time="0" type="ASSERT" location="eth_axi_xbar.sv:792.29-793.81" id="_witness_.check_assert_eth_axi_xbar_sv_792_2252">
<skipped />
</testcase>
<testcase classname="cover" name="Property ASSERT in eth_axi_xbar at eth_axi_xbar.sv:792.29-793.81" time="0" type="ASSERT" location="eth_axi_xbar.sv:792.29-793.81" id="_witness_.check_assert_eth_axi_xbar_sv_792_2292">
<skipped />
</testcase>
<testcase classname="cover" name="Property ASSERT in eth_axi_xbar at eth_axi_xbar.sv:792.29-793.81" time="0" type="ASSERT" location="eth_axi_xbar.sv:792.29-793.81" id="_witness_.check_assert_eth_axi_xbar_sv_792_2297">
<skipped />
</testcase>
<testcase classname="cover" name="Property ASSERT in eth_axi_xbar at eth_axi_xbar.sv:807.17-807.61" time="0" type="ASSERT" location="eth_axi_xbar.sv:807.17-807.61" id="_witness_.check_assert_eth_axi_xbar_sv_807_1439">
<skipped />
</testcase>
<testcase classname="cover" name="Property ASSERT in eth_axi_xbar at eth_axi_xbar.sv:808.17-808.78" time="0" type="ASSERT" location="eth_axi_xbar.sv:808.17-808.78" id="_witness_.check_assert_eth_axi_xbar_sv_808_1444">
<skipped />
</testcase>
<testcase classname="cover" name="Property ASSERT in eth_axi_xbar at eth_axi_xbar.sv:811.17-811.61" time="0" type="ASSERT" location="eth_axi_xbar.sv:811.17-811.61" id="_witness_.check_assert_eth_axi_xbar_sv_811_1450">
<skipped />
</testcase>
<testcase classname="cover" name="Property ASSERT in eth_axi_xbar at eth_axi_xbar.sv:812.17-812.78" time="0" type="ASSERT" location="eth_axi_xbar.sv:812.17-812.78" id="_witness_.check_assert_eth_axi_xbar_sv_812_1455">
<skipped />
</testcase>
<testcase classname="cover" name="Property ASSERT in eth_axi_xbar at eth_axi_xbar.sv:815.17-815.46" time="0" type="ASSERT" location="eth_axi_xbar.sv:815.17-815.46" id="_witness_.check_assert_eth_axi_xbar_sv_815_1461">
<skipped />
</testcase>
<testcase classname="cover" name="Property ASSERT in eth_axi_xbar at eth_axi_xbar.sv:816.17-816.78" time="0" type="ASSERT" location="eth_axi_xbar.sv:816.17-816.78" id="_witness_.check_assert_eth_axi_xbar_sv_816_1463">
<skipped />
</testcase>
<testcase classname="cover" name="Property ASSERT in eth_axi_xbar at eth_axi_xbar.sv:825.17-825.61" time="0" type="ASSERT" location="eth_axi_xbar.sv:825.17-825.61" id="_witness_.check_assert_eth_axi_xbar_sv_825_1486">
<skipped />
</testcase>
<testcase classname="cover" name="Property ASSERT in eth_axi_xbar at eth_axi_xbar.sv:826.17-826.78" time="0" type="ASSERT" location="eth_axi_xbar.sv:826.17-826.78" id="_witness_.check_assert_eth_axi_xbar_sv_826_1491">
<skipped />
</testcase>
<testcase classname="cover" name="Property ASSERT in eth_axi_xbar at eth_axi_xbar.sv:829.17-829.46" time="0" type="ASSERT" location="eth_axi_xbar.sv:829.17-829.46" id="_witness_.check_assert_eth_axi_xbar_sv_829_1496">
<skipped />
</testcase>
<testcase classname="cover" name="Property ASSERT in eth_axi_xbar at eth_axi_xbar.sv:830.17-830.78" time="0" type="ASSERT" location="eth_axi_xbar.sv:830.17-830.78" id="_witness_.check_assert_eth_axi_xbar_sv_830_1498">
<skipped />
</testcase>
<testcase classname="cover" name="Property ASSERT in eth_axi_xbar at eth_axi_xbar.sv:837.21-837.41" time="0" type="ASSERT" location="eth_axi_xbar.sv:837.21-837.41" id="_witness_.check_assert_eth_axi_xbar_sv_837_1507">
<skipped />
</testcase>
<testcase classname="cover" name="Property ASSERT in eth_axi_xbar at eth_axi_xbar.sv:837.21-837.41" time="0" type="ASSERT" location="eth_axi_xbar.sv:837.21-837.41" id="_witness_.check_assert_eth_axi_xbar_sv_837_1519">
<skipped />
</testcase>
<testcase classname="cover" name="Property ASSERT in eth_axi_xbar at eth_axi_xbar.sv:838.21-838.96" time="0" type="ASSERT" location="eth_axi_xbar.sv:838.21-838.96" id="_witness_.check_assert_eth_axi_xbar_sv_838_1508">
<skipped />
</testcase>
<testcase classname="cover" name="Property ASSERT in eth_axi_xbar at eth_axi_xbar.sv:838.21-838.96" time="0" type="ASSERT" location="eth_axi_xbar.sv:838.21-838.96" id="_witness_.check_assert_eth_axi_xbar_sv_838_1520">
<skipped />
</testcase>
<testcase classname="cover" name="Property ASSERT in eth_axi_xbar at eth_axi_xbar.sv:841.21-841.41" time="0" type="ASSERT" location="eth_axi_xbar.sv:841.21-841.41" id="_witness_.check_assert_eth_axi_xbar_sv_841_1512">
<skipped />
</testcase>
<testcase classname="cover" name="Property ASSERT in eth_axi_xbar at eth_axi_xbar.sv:841.21-841.41" time="0" type="ASSERT" location="eth_axi_xbar.sv:841.21-841.41" id="_witness_.check_assert_eth_axi_xbar_sv_841_1524">
<skipped />
</testcase>
<testcase classname="cover" name="Property ASSERT in eth_axi_xbar at eth_axi_xbar.sv:842.21-842.96" time="0" type="ASSERT" location="eth_axi_xbar.sv:842.21-842.96" id="_witness_.check_assert_eth_axi_xbar_sv_842_1513">
<skipped />
</testcase>
<testcase classname="cover" name="Property ASSERT in eth_axi_xbar at eth_axi_xbar.sv:842.21-842.96" time="0" type="ASSERT" location="eth_axi_xbar.sv:842.21-842.96" id="_witness_.check_assert_eth_axi_xbar_sv_842_1525">
<skipped />
</testcase>
<testcase classname="cover" name="Property ASSERT in eth_axi_xbar at eth_axi_xbar.sv:843.21-843.96" time="0" type="ASSERT" location="eth_axi_xbar.sv:843.21-843.96" id="_witness_.check_assert_eth_axi_xbar_sv_843_1515">
<skipped />
</testcase>
<testcase classname="cover" name="Property ASSERT in eth_axi_xbar at eth_axi_xbar.sv:843.21-843.96" time="0" type="ASSERT" location="eth_axi_xbar.sv:843.21-843.96" id="_witness_.check_assert_eth_axi_xbar_sv_843_1527">
<skipped />
</testcase>
<testcase classname="cover" name="Property ASSERT in eth_axi_xbar at eth_axi_xbar.sv:847.35-847.76" time="0" type="ASSERT" location="eth_axi_xbar.sv:847.35-847.76" id="_witness_.check_assert_eth_axi_xbar_sv_847_1530">
<skipped />
</testcase>
<testcase classname="cover" name="Property ASSERT in eth_axi_xbar at eth_axi_xbar.sv:848.35-848.76" time="0" type="ASSERT" location="eth_axi_xbar.sv:848.35-848.76" id="_witness_.check_assert_eth_axi_xbar_sv_848_1533">
<skipped />
</testcase>
<testcase classname="cover" name="Property ASSERT in eth_axi_xbar at eth_axi_xbar.sv:851.13-851.46" time="0" type="ASSERT" location="eth_axi_xbar.sv:851.13-851.46" id="_witness_.check_assert_eth_axi_xbar_sv_851_1537">
<skipped />
</testcase>
<testcase classname="cover" name="Property ASSERT in eth_axi_xbar at eth_axi_xbar.sv:852.13-852.46" time="0" type="ASSERT" location="eth_axi_xbar.sv:852.13-852.46" id="_witness_.check_assert_eth_axi_xbar_sv_852_1539">
<skipped />
</testcase>
<testcase classname="cover" name="Property COVER in eth_axi_xbar at eth_axi_xbar.sv:859.13-859.44" time="0" type="COVER" location="eth_axi_xbar.sv:859.13-859.44" id="_witness_.check_cover_eth_axi_xbar_sv_859_1543" tracefile="engine_0/trace2.vcd">
</testcase>
<testcase classname="cover" name="Property COVER in eth_axi_xbar at eth_axi_xbar.sv:860.13-860.48" time="0" type="COVER" location="eth_axi_xbar.sv:860.13-860.48" id="_witness_.check_cover_eth_axi_xbar_sv_860_1545" tracefile="engine_0/trace3.vcd">
</testcase>
<testcase classname="cover" name="Property COVER in eth_axi_xbar at eth_axi_xbar.sv:861.13-861.44" time="0" type="COVER" location="eth_axi_xbar.sv:861.13-861.44" id="_witness_.check_cover_eth_axi_xbar_sv_861_1547" tracefile="engine_0/trace1.vcd">
</testcase>
<testcase classname="cover" name="Property COVER in eth_axi_xbar at eth_axi_xbar.sv:862.13-862.50" time="0" type="COVER" location="eth_axi_xbar.sv:862.13-862.50" id="_witness_.check_cover_eth_axi_xbar_sv_862_1551" tracefile="engine_0/trace4.vcd">
</testcase>
<testcase classname="cover" name="Property COVER in eth_axi_xbar at eth_axi_xbar.sv:863.13-863.50" time="0" type="COVER" location="eth_axi_xbar.sv:863.13-863.50" id="_witness_.check_cover_eth_axi_xbar_sv_863_1553" tracefile="engine_0/trace0.vcd">
</testcase>
<testcase classname="cover" name="Property COVER in eth_axi_xbar at eth_axi_xbar.sv:864.13-864.29" time="0" type="COVER" location="eth_axi_xbar.sv:864.13-864.29" id="_witness_.check_cover_eth_axi_xbar_sv_864_1555" tracefile="engine_0/trace6.vcd">
</testcase>
<testcase classname="cover" name="Property COVER in eth_axi_xbar at eth_axi_xbar.sv:865.13-865.29" time="0" type="COVER" location="eth_axi_xbar.sv:865.13-865.29" id="_witness_.check_cover_eth_axi_xbar_sv_865_1557" tracefile="engine_0/trace5.vcd">
</testcase>
<testcase classname="cover" name="Property ASSERT in eth_axi_xbar/g_cap[0].u_ar at eth_axi_skidbuf.sv:101.17-101.32" time="0" type="ASSERT" location="eth_axi_skidbuf.sv:101.17-101.32" id="_witness_.check_assert_eth_axi_skidbuf_sv_101_2415">
<skipped />
</testcase>
<testcase classname="cover" name="Property ASSERT in eth_axi_xbar/g_cap[0].u_ar at eth_axi_skidbuf.sv:102.17-102.48" time="0" type="ASSERT" location="eth_axi_skidbuf.sv:102.17-102.48" id="_witness_.check_assert_eth_axi_skidbuf_sv_102_2416">
<skipped />
</testcase>
<testcase classname="cover" name="Property ASSERT in eth_axi_xbar/g_cap[0].u_ar at eth_axi_skidbuf.sv:109.17-109.55" time="0" type="ASSERT" location="eth_axi_skidbuf.sv:109.17-109.55" id="_witness_.check_assert_eth_axi_skidbuf_sv_109_2420">
<skipped />
</testcase>
<testcase classname="cover" name="Property ASSERT in eth_axi_xbar/g_cap[0].u_ar at eth_axi_skidbuf.sv:113.13-113.29" time="0" type="ASSERT" location="eth_axi_skidbuf.sv:113.13-113.29" id="_witness_.check_assert_eth_axi_skidbuf_sv_113_2426">
<skipped />
</testcase>
<testcase classname="cover" name="Property ASSERT in eth_axi_xbar/g_cap[0].u_ar at eth_axi_skidbuf.sv:114.13-114.32" time="0" type="ASSERT" location="eth_axi_skidbuf.sv:114.13-114.32" id="_witness_.check_assert_eth_axi_skidbuf_sv_114_2428">
<skipped />
</testcase>
<testcase classname="cover" name="Property ASSERT in eth_axi_xbar/g_cap[0].u_aw at eth_axi_skidbuf.sv:101.17-101.32" time="0" type="ASSERT" location="eth_axi_skidbuf.sv:101.17-101.32" id="_witness_.check_assert_eth_axi_skidbuf_sv_101_2415">
<skipped />
</testcase>
<testcase classname="cover" name="Property ASSERT in eth_axi_xbar/g_cap[0].u_aw at eth_axi_skidbuf.sv:102.17-102.48" time="0" type="ASSERT" location="eth_axi_skidbuf.sv:102.17-102.48" id="_witness_.check_assert_eth_axi_skidbuf_sv_102_2416">
<skipped />
</testcase>
<testcase classname="cover" name="Property ASSERT in eth_axi_xbar/g_cap[0].u_aw at eth_axi_skidbuf.sv:109.17-109.55" time="0" type="ASSERT" location="eth_axi_skidbuf.sv:109.17-109.55" id="_witness_.check_assert_eth_axi_skidbuf_sv_109_2420">
<skipped />
</testcase>
<testcase classname="cover" name="Property ASSERT in eth_axi_xbar/g_cap[0].u_aw at eth_axi_skidbuf.sv:113.13-113.29" time="0" type="ASSERT" location="eth_axi_skidbuf.sv:113.13-113.29" id="_witness_.check_assert_eth_axi_skidbuf_sv_113_2426">
<skipped />
</testcase>
<testcase classname="cover" name="Property ASSERT in eth_axi_xbar/g_cap[0].u_aw at eth_axi_skidbuf.sv:114.13-114.32" time="0" type="ASSERT" location="eth_axi_skidbuf.sv:114.13-114.32" id="_witness_.check_assert_eth_axi_skidbuf_sv_114_2428">
<skipped />
</testcase>
<testcase classname="cover" name="Property ASSERT in eth_axi_xbar/g_cap[0].u_w at eth_axi_skidbuf.sv:101.17-101.32" time="0" type="ASSERT" location="eth_axi_skidbuf.sv:101.17-101.32" id="_witness_.check_assert_eth_axi_skidbuf_sv_101_2415">
<skipped />
</testcase>
<testcase classname="cover" name="Property ASSERT in eth_axi_xbar/g_cap[0].u_w at eth_axi_skidbuf.sv:102.17-102.48" time="0" type="ASSERT" location="eth_axi_skidbuf.sv:102.17-102.48" id="_witness_.check_assert_eth_axi_skidbuf_sv_102_2416">
<skipped />
</testcase>
<testcase classname="cover" name="Property ASSERT in eth_axi_xbar/g_cap[0].u_w at eth_axi_skidbuf.sv:109.17-109.55" time="0" type="ASSERT" location="eth_axi_skidbuf.sv:109.17-109.55" id="_witness_.check_assert_eth_axi_skidbuf_sv_109_2420">
<skipped />
</testcase>
<testcase classname="cover" name="Property ASSERT in eth_axi_xbar/g_cap[0].u_w at eth_axi_skidbuf.sv:113.13-113.29" time="0" type="ASSERT" location="eth_axi_skidbuf.sv:113.13-113.29" id="_witness_.check_assert_eth_axi_skidbuf_sv_113_2426">
<skipped />
</testcase>
<testcase classname="cover" name="Property ASSERT in eth_axi_xbar/g_cap[0].u_w at eth_axi_skidbuf.sv:114.13-114.32" time="0" type="ASSERT" location="eth_axi_skidbuf.sv:114.13-114.32" id="_witness_.check_assert_eth_axi_skidbuf_sv_114_2428">
<skipped />
</testcase>
<testcase classname="cover" name="Property ASSERT in eth_axi_xbar/g_cap[1].u_ar at eth_axi_skidbuf.sv:101.17-101.32" time="0" type="ASSERT" location="eth_axi_skidbuf.sv:101.17-101.32" id="_witness_.check_assert_eth_axi_skidbuf_sv_101_2415">
<skipped />
</testcase>
<testcase classname="cover" name="Property ASSERT in eth_axi_xbar/g_cap[1].u_ar at eth_axi_skidbuf.sv:102.17-102.48" time="0" type="ASSERT" location="eth_axi_skidbuf.sv:102.17-102.48" id="_witness_.check_assert_eth_axi_skidbuf_sv_102_2416">
<skipped />
</testcase>
<testcase classname="cover" name="Property ASSERT in eth_axi_xbar/g_cap[1].u_ar at eth_axi_skidbuf.sv:109.17-109.55" time="0" type="ASSERT" location="eth_axi_skidbuf.sv:109.17-109.55" id="_witness_.check_assert_eth_axi_skidbuf_sv_109_2420">
<skipped />
</testcase>
<testcase classname="cover" name="Property ASSERT in eth_axi_xbar/g_cap[1].u_ar at eth_axi_skidbuf.sv:113.13-113.29" time="0" type="ASSERT" location="eth_axi_skidbuf.sv:113.13-113.29" id="_witness_.check_assert_eth_axi_skidbuf_sv_113_2426">
<skipped />
</testcase>
<testcase classname="cover" name="Property ASSERT in eth_axi_xbar/g_cap[1].u_ar at eth_axi_skidbuf.sv:114.13-114.32" time="0" type="ASSERT" location="eth_axi_skidbuf.sv:114.13-114.32" id="_witness_.check_assert_eth_axi_skidbuf_sv_114_2428">
<skipped />
</testcase>
<testcase classname="cover" name="Property ASSERT in eth_axi_xbar/g_cap[1].u_aw at eth_axi_skidbuf.sv:101.17-101.32" time="0" type="ASSERT" location="eth_axi_skidbuf.sv:101.17-101.32" id="_witness_.check_assert_eth_axi_skidbuf_sv_101_2415">
<skipped />
</testcase>
<testcase classname="cover" name="Property ASSERT in eth_axi_xbar/g_cap[1].u_aw at eth_axi_skidbuf.sv:102.17-102.48" time="0" type="ASSERT" location="eth_axi_skidbuf.sv:102.17-102.48" id="_witness_.check_assert_eth_axi_skidbuf_sv_102_2416">
<skipped />
</testcase>
<testcase classname="cover" name="Property ASSERT in eth_axi_xbar/g_cap[1].u_aw at eth_axi_skidbuf.sv:109.17-109.55" time="0" type="ASSERT" location="eth_axi_skidbuf.sv:109.17-109.55" id="_witness_.check_assert_eth_axi_skidbuf_sv_109_2420">
<skipped />
</testcase>
<testcase classname="cover" name="Property ASSERT in eth_axi_xbar/g_cap[1].u_aw at eth_axi_skidbuf.sv:113.13-113.29" time="0" type="ASSERT" location="eth_axi_skidbuf.sv:113.13-113.29" id="_witness_.check_assert_eth_axi_skidbuf_sv_113_2426">
<skipped />
</testcase>
<testcase classname="cover" name="Property ASSERT in eth_axi_xbar/g_cap[1].u_aw at eth_axi_skidbuf.sv:114.13-114.32" time="0" type="ASSERT" location="eth_axi_skidbuf.sv:114.13-114.32" id="_witness_.check_assert_eth_axi_skidbuf_sv_114_2428">
<skipped />
</testcase>
<testcase classname="cover" name="Property ASSERT in eth_axi_xbar/g_cap[1].u_w at eth_axi_skidbuf.sv:101.17-101.32" time="0" type="ASSERT" location="eth_axi_skidbuf.sv:101.17-101.32" id="_witness_.check_assert_eth_axi_skidbuf_sv_101_2415">
<skipped />
</testcase>
<testcase classname="cover" name="Property ASSERT in eth_axi_xbar/g_cap[1].u_w at eth_axi_skidbuf.sv:102.17-102.48" time="0" type="ASSERT" location="eth_axi_skidbuf.sv:102.17-102.48" id="_witness_.check_assert_eth_axi_skidbuf_sv_102_2416">
<skipped />
</testcase>
<testcase classname="cover" name="Property ASSERT in eth_axi_xbar/g_cap[1].u_w at eth_axi_skidbuf.sv:109.17-109.55" time="0" type="ASSERT" location="eth_axi_skidbuf.sv:109.17-109.55" id="_witness_.check_assert_eth_axi_skidbuf_sv_109_2420">
<skipped />
</testcase>
<testcase classname="cover" name="Property ASSERT in eth_axi_xbar/g_cap[1].u_w at eth_axi_skidbuf.sv:113.13-113.29" time="0" type="ASSERT" location="eth_axi_skidbuf.sv:113.13-113.29" id="_witness_.check_assert_eth_axi_skidbuf_sv_113_2426">
<skipped />
</testcase>
<testcase classname="cover" name="Property ASSERT in eth_axi_xbar/g_cap[1].u_w at eth_axi_skidbuf.sv:114.13-114.32" time="0" type="ASSERT" location="eth_axi_skidbuf.sv:114.13-114.32" id="_witness_.check_assert_eth_axi_skidbuf_sv_114_2428">
<skipped />
</testcase>
<testcase classname="cover" name="Property ASSERT in eth_axi_xbar/g_slv_in[0].u_w at eth_axi_skidbuf.sv:101.17-101.32" time="0" type="ASSERT" location="eth_axi_skidbuf.sv:101.17-101.32" id="_witness_.check_assert_eth_axi_skidbuf_sv_101_2415">
<skipped />
</testcase>
<testcase classname="cover" name="Property ASSERT in eth_axi_xbar/g_slv_in[0].u_w at eth_axi_skidbuf.sv:102.17-102.48" time="0" type="ASSERT" location="eth_axi_skidbuf.sv:102.17-102.48" id="_witness_.check_assert_eth_axi_skidbuf_sv_102_2416">
<skipped />
</testcase>
<testcase classname="cover" name="Property ASSERT in eth_axi_xbar/g_slv_in[0].u_w at eth_axi_skidbuf.sv:109.17-109.55" time="0" type="ASSERT" location="eth_axi_skidbuf.sv:109.17-109.55" id="_witness_.check_assert_eth_axi_skidbuf_sv_109_2420">
<skipped />
</testcase>
<testcase classname="cover" name="Property ASSERT in eth_axi_xbar/g_slv_in[0].u_w at eth_axi_skidbuf.sv:113.13-113.29" time="0" type="ASSERT" location="eth_axi_skidbuf.sv:113.13-113.29" id="_witness_.check_assert_eth_axi_skidbuf_sv_113_2426">
<skipped />
</testcase>
<testcase classname="cover" name="Property ASSERT in eth_axi_xbar/g_slv_in[0].u_w at eth_axi_skidbuf.sv:114.13-114.32" time="0" type="ASSERT" location="eth_axi_skidbuf.sv:114.13-114.32" id="_witness_.check_assert_eth_axi_skidbuf_sv_114_2428">
<skipped />
</testcase>
<testcase classname="cover" name="Property ASSERT in eth_axi_xbar/g_slv_in[1].u_w at eth_axi_skidbuf.sv:101.17-101.32" time="0" type="ASSERT" location="eth_axi_skidbuf.sv:101.17-101.32" id="_witness_.check_assert_eth_axi_skidbuf_sv_101_2415">
<skipped />
</testcase>
<testcase classname="cover" name="Property ASSERT in eth_axi_xbar/g_slv_in[1].u_w at eth_axi_skidbuf.sv:102.17-102.48" time="0" type="ASSERT" location="eth_axi_skidbuf.sv:102.17-102.48" id="_witness_.check_assert_eth_axi_skidbuf_sv_102_2416">
<skipped />
</testcase>
<testcase classname="cover" name="Property ASSERT in eth_axi_xbar/g_slv_in[1].u_w at eth_axi_skidbuf.sv:109.17-109.55" time="0" type="ASSERT" location="eth_axi_skidbuf.sv:109.17-109.55" id="_witness_.check_assert_eth_axi_skidbuf_sv_109_2420">
<skipped />
</testcase>
<testcase classname="cover" name="Property ASSERT in eth_axi_xbar/g_slv_in[1].u_w at eth_axi_skidbuf.sv:113.13-113.29" time="0" type="ASSERT" location="eth_axi_skidbuf.sv:113.13-113.29" id="_witness_.check_assert_eth_axi_skidbuf_sv_113_2426">
<skipped />
</testcase>
<testcase classname="cover" name="Property ASSERT in eth_axi_xbar/g_slv_in[1].u_w at eth_axi_skidbuf.sv:114.13-114.32" time="0" type="ASSERT" location="eth_axi_skidbuf.sv:114.13-114.32" id="_witness_.check_assert_eth_axi_skidbuf_sv_114_2428">
<skipped />
</testcase>
<testcase classname="cover" name="Property ASSERT in eth_axi_xbar/g_resp[0].u_b at eth_axi_skidbuf.sv:101.17-101.32" time="0" type="ASSERT" location="eth_axi_skidbuf.sv:101.17-101.32" id="_witness_.check_assert_eth_axi_skidbuf_sv_101_2372">
<skipped />
</testcase>
<testcase classname="cover" name="Property ASSERT in eth_axi_xbar/g_resp[0].u_b at eth_axi_skidbuf.sv:102.17-102.48" time="0" type="ASSERT" location="eth_axi_skidbuf.sv:102.17-102.48" id="_witness_.check_assert_eth_axi_skidbuf_sv_102_2373">
<skipped />
</testcase>
<testcase classname="cover" name="Property ASSERT in eth_axi_xbar/g_resp[0].u_b at eth_axi_skidbuf.sv:109.17-109.55" time="0" type="ASSERT" location="eth_axi_skidbuf.sv:109.17-109.55" id="_witness_.check_assert_eth_axi_skidbuf_sv_109_2377">
<skipped />
</testcase>
<testcase classname="cover" name="Property ASSERT in eth_axi_xbar/g_resp[0].u_b at eth_axi_skidbuf.sv:113.13-113.29" time="0" type="ASSERT" location="eth_axi_skidbuf.sv:113.13-113.29" id="_witness_.check_assert_eth_axi_skidbuf_sv_113_2383">
<skipped />
</testcase>
<testcase classname="cover" name="Property ASSERT in eth_axi_xbar/g_resp[0].u_b at eth_axi_skidbuf.sv:114.13-114.32" time="0" type="ASSERT" location="eth_axi_skidbuf.sv:114.13-114.32" id="_witness_.check_assert_eth_axi_skidbuf_sv_114_2385">
<skipped />
</testcase>
<testcase classname="cover" name="Property ASSERT in eth_axi_xbar/g_resp[1].u_b at eth_axi_skidbuf.sv:101.17-101.32" time="0" type="ASSERT" location="eth_axi_skidbuf.sv:101.17-101.32" id="_witness_.check_assert_eth_axi_skidbuf_sv_101_2372">
<skipped />
</testcase>
<testcase classname="cover" name="Property ASSERT in eth_axi_xbar/g_resp[1].u_b at eth_axi_skidbuf.sv:102.17-102.48" time="0" type="ASSERT" location="eth_axi_skidbuf.sv:102.17-102.48" id="_witness_.check_assert_eth_axi_skidbuf_sv_102_2373">
<skipped />
</testcase>
<testcase classname="cover" name="Property ASSERT in eth_axi_xbar/g_resp[1].u_b at eth_axi_skidbuf.sv:109.17-109.55" time="0" type="ASSERT" location="eth_axi_skidbuf.sv:109.17-109.55" id="_witness_.check_assert_eth_axi_skidbuf_sv_109_2377">
<skipped />
</testcase>
<testcase classname="cover" name="Property ASSERT in eth_axi_xbar/g_resp[1].u_b at eth_axi_skidbuf.sv:113.13-113.29" time="0" type="ASSERT" location="eth_axi_skidbuf.sv:113.13-113.29" id="_witness_.check_assert_eth_axi_skidbuf_sv_113_2383">
<skipped />
</testcase>
<testcase classname="cover" name="Property ASSERT in eth_axi_xbar/g_resp[1].u_b at eth_axi_skidbuf.sv:114.13-114.32" time="0" type="ASSERT" location="eth_axi_skidbuf.sv:114.13-114.32" id="_witness_.check_assert_eth_axi_skidbuf_sv_114_2385">
<skipped />
</testcase>
<testcase classname="cover" name="Property ASSERT in eth_axi_xbar/g_slv_in[0].u_ar at eth_axi_skidbuf.sv:101.17-101.32" time="0" type="ASSERT" location="eth_axi_skidbuf.sv:101.17-101.32" id="_witness_.check_assert_eth_axi_skidbuf_sv_101_2458">
<skipped />
</testcase>
<testcase classname="cover" name="Property ASSERT in eth_axi_xbar/g_slv_in[0].u_ar at eth_axi_skidbuf.sv:102.17-102.48" time="0" type="ASSERT" location="eth_axi_skidbuf.sv:102.17-102.48" id="_witness_.check_assert_eth_axi_skidbuf_sv_102_2459">
<skipped />
</testcase>
<testcase classname="cover" name="Property ASSERT in eth_axi_xbar/g_slv_in[0].u_ar at eth_axi_skidbuf.sv:109.17-109.55" time="0" type="ASSERT" location="eth_axi_skidbuf.sv:109.17-109.55" id="_witness_.check_assert_eth_axi_skidbuf_sv_109_2463">
<skipped />
</testcase>
<testcase classname="cover" name="Property ASSERT in eth_axi_xbar/g_slv_in[0].u_ar at eth_axi_skidbuf.sv:113.13-113.29" time="0" type="ASSERT" location="eth_axi_skidbuf.sv:113.13-113.29" id="_witness_.check_assert_eth_axi_skidbuf_sv_113_2469">
<skipped />
</testcase>
<testcase classname="cover" name="Property ASSERT in eth_axi_xbar/g_slv_in[0].u_ar at eth_axi_skidbuf.sv:114.13-114.32" time="0" type="ASSERT" location="eth_axi_skidbuf.sv:114.13-114.32" id="_witness_.check_assert_eth_axi_skidbuf_sv_114_2471">
<skipped />
</testcase>
<testcase classname="cover" name="Property ASSERT in eth_axi_xbar/g_slv_in[0].u_aw at eth_axi_skidbuf.sv:101.17-101.32" time="0" type="ASSERT" location="eth_axi_skidbuf.sv:101.17-101.32" id="_witness_.check_assert_eth_axi_skidbuf_sv_101_2458">
<skipped />
</testcase>
<testcase classname="cover" name="Property ASSERT in eth_axi_xbar/g_slv_in[0].u_aw at eth_axi_skidbuf.sv:102.17-102.48" time="0" type="ASSERT" location="eth_axi_skidbuf.sv:102.17-102.48" id="_witness_.check_assert_eth_axi_skidbuf_sv_102_2459">
<skipped />
</testcase>
<testcase classname="cover" name="Property ASSERT in eth_axi_xbar/g_slv_in[0].u_aw at eth_axi_skidbuf.sv:109.17-109.55" time="0" type="ASSERT" location="eth_axi_skidbuf.sv:109.17-109.55" id="_witness_.check_assert_eth_axi_skidbuf_sv_109_2463">
<skipped />
</testcase>
<testcase classname="cover" name="Property ASSERT in eth_axi_xbar/g_slv_in[0].u_aw at eth_axi_skidbuf.sv:113.13-113.29" time="0" type="ASSERT" location="eth_axi_skidbuf.sv:113.13-113.29" id="_witness_.check_assert_eth_axi_skidbuf_sv_113_2469">
<skipped />
</testcase>
<testcase classname="cover" name="Property ASSERT in eth_axi_xbar/g_slv_in[0].u_aw at eth_axi_skidbuf.sv:114.13-114.32" time="0" type="ASSERT" location="eth_axi_skidbuf.sv:114.13-114.32" id="_witness_.check_assert_eth_axi_skidbuf_sv_114_2471">
<skipped />
</testcase>
<testcase classname="cover" name="Property ASSERT in eth_axi_xbar/g_slv_in[1].u_ar at eth_axi_skidbuf.sv:101.17-101.32" time="0" type="ASSERT" location="eth_axi_skidbuf.sv:101.17-101.32" id="_witness_.check_assert_eth_axi_skidbuf_sv_101_2458">
<skipped />
</testcase>
<testcase classname="cover" name="Property ASSERT in eth_axi_xbar/g_slv_in[1].u_ar at eth_axi_skidbuf.sv:102.17-102.48" time="0" type="ASSERT" location="eth_axi_skidbuf.sv:102.17-102.48" id="_witness_.check_assert_eth_axi_skidbuf_sv_102_2459">
<skipped />
</testcase>
<testcase classname="cover" name="Property ASSERT in eth_axi_xbar/g_slv_in[1].u_ar at eth_axi_skidbuf.sv:109.17-109.55" time="0" type="ASSERT" location="eth_axi_skidbuf.sv:109.17-109.55" id="_witness_.check_assert_eth_axi_skidbuf_sv_109_2463">
<skipped />
</testcase>
<testcase classname="cover" name="Property ASSERT in eth_axi_xbar/g_slv_in[1].u_ar at eth_axi_skidbuf.sv:113.13-113.29" time="0" type="ASSERT" location="eth_axi_skidbuf.sv:113.13-113.29" id="_witness_.check_assert_eth_axi_skidbuf_sv_113_2469">
<skipped />
</testcase>
<testcase classname="cover" name="Property ASSERT in eth_axi_xbar/g_slv_in[1].u_ar at eth_axi_skidbuf.sv:114.13-114.32" time="0" type="ASSERT" location="eth_axi_skidbuf.sv:114.13-114.32" id="_witness_.check_assert_eth_axi_skidbuf_sv_114_2471">
<skipped />
</testcase>
<testcase classname="cover" name="Property ASSERT in eth_axi_xbar/g_slv_in[1].u_aw at eth_axi_skidbuf.sv:101.17-101.32" time="0" type="ASSERT" location="eth_axi_skidbuf.sv:101.17-101.32" id="_witness_.check_assert_eth_axi_skidbuf_sv_101_2458">
<skipped />
</testcase>
<testcase classname="cover" name="Property ASSERT in eth_axi_xbar/g_slv_in[1].u_aw at eth_axi_skidbuf.sv:102.17-102.48" time="0" type="ASSERT" location="eth_axi_skidbuf.sv:102.17-102.48" id="_witness_.check_assert_eth_axi_skidbuf_sv_102_2459">
<skipped />
</testcase>
<testcase classname="cover" name="Property ASSERT in eth_axi_xbar/g_slv_in[1].u_aw at eth_axi_skidbuf.sv:109.17-109.55" time="0" type="ASSERT" location="eth_axi_skidbuf.sv:109.17-109.55" id="_witness_.check_assert_eth_axi_skidbuf_sv_109_2463">
<skipped />
</testcase>
<testcase classname="cover" name="Property ASSERT in eth_axi_xbar/g_slv_in[1].u_aw at eth_axi_skidbuf.sv:113.13-113.29" time="0" type="ASSERT" location="eth_axi_skidbuf.sv:113.13-113.29" id="_witness_.check_assert_eth_axi_skidbuf_sv_113_2469">
<skipped />
</testcase>
<testcase classname="cover" name="Property ASSERT in eth_axi_xbar/g_slv_in[1].u_aw at eth_axi_skidbuf.sv:114.13-114.32" time="0" type="ASSERT" location="eth_axi_skidbuf.sv:114.13-114.32" id="_witness_.check_assert_eth_axi_skidbuf_sv_114_2471">
<skipped />
</testcase>
<testcase classname="cover" name="Property ASSERT in eth_axi_xbar/g_resp[0].u_r at eth_axi_skidbuf.sv:101.17-101.32" time="0" type="ASSERT" location="eth_axi_skidbuf.sv:101.17-101.32" id="_witness_.check_assert_eth_axi_skidbuf_sv_101_2329">
<skipped />
</testcase>
<testcase classname="cover" name="Property ASSERT in eth_axi_xbar/g_resp[0].u_r at eth_axi_skidbuf.sv:102.17-102.48" time="0" type="ASSERT" location="eth_axi_skidbuf.sv:102.17-102.48" id="_witness_.check_assert_eth_axi_skidbuf_sv_102_2330">
<skipped />
</testcase>
<testcase classname="cover" name="Property ASSERT in eth_axi_xbar/g_resp[0].u_r at eth_axi_skidbuf.sv:109.17-109.55" time="0" type="ASSERT" location="eth_axi_skidbuf.sv:109.17-109.55" id="_witness_.check_assert_eth_axi_skidbuf_sv_109_2334">
<skipped />
</testcase>
<testcase classname="cover" name="Property ASSERT in eth_axi_xbar/g_resp[0].u_r at eth_axi_skidbuf.sv:113.13-113.29" time="0" type="ASSERT" location="eth_axi_skidbuf.sv:113.13-113.29" id="_witness_.check_assert_eth_axi_skidbuf_sv_113_2340">
<skipped />
</testcase>
<testcase classname="cover" name="Property ASSERT in eth_axi_xbar/g_resp[0].u_r at eth_axi_skidbuf.sv:114.13-114.32" time="0" type="ASSERT" location="eth_axi_skidbuf.sv:114.13-114.32" id="_witness_.check_assert_eth_axi_skidbuf_sv_114_2342">
<skipped />
</testcase>
<testcase classname="cover" name="Property ASSERT in eth_axi_xbar/g_resp[1].u_r at eth_axi_skidbuf.sv:101.17-101.32" time="0" type="ASSERT" location="eth_axi_skidbuf.sv:101.17-101.32" id="_witness_.check_assert_eth_axi_skidbuf_sv_101_2329">
<skipped />
</testcase>
<testcase classname="cover" name="Property ASSERT in eth_axi_xbar/g_resp[1].u_r at eth_axi_skidbuf.sv:102.17-102.48" time="0" type="ASSERT" location="eth_axi_skidbuf.sv:102.17-102.48" id="_witness_.check_assert_eth_axi_skidbuf_sv_102_2330">
<skipped />
</testcase>
<testcase classname="cover" name="Property ASSERT in eth_axi_xbar/g_resp[1].u_r at eth_axi_skidbuf.sv:109.17-109.55" time="0" type="ASSERT" location="eth_axi_skidbuf.sv:109.17-109.55" id="_witness_.check_assert_eth_axi_skidbuf_sv_109_2334">
<skipped />
</testcase>
<testcase classname="cover" name="Property ASSERT in eth_axi_xbar/g_resp[1].u_r at eth_axi_skidbuf.sv:113.13-113.29" time="0" type="ASSERT" location="eth_axi_skidbuf.sv:113.13-113.29" id="_witness_.check_assert_eth_axi_skidbuf_sv_113_2340">
<skipped />
</testcase>
<testcase classname="cover" name="Property ASSERT in eth_axi_xbar/g_resp[1].u_r at eth_axi_skidbuf.sv:114.13-114.32" time="0" type="ASSERT" location="eth_axi_skidbuf.sv:114.13-114.32" id="_witness_.check_assert_eth_axi_skidbuf_sv_114_2342">
<skipped />
</testcase>
<system-out>SBY  3:38:38 [ethereal-shell/formal/eth_axi_xbar_prove] Removing directory '/home/polar/Astral_Platform/ethereal-shell/formal/eth_axi_xbar_prove'.
SBY  3:38:38 [ethereal-shell/formal/eth_axi_xbar_cover] Removing directory '/home/polar/Astral_Platform/ethereal-shell/formal/eth_axi_xbar_cover'.
SBY  3:38:38 [ethereal-shell/formal/eth_axi_xbar_cover] Copy '/home/polar/Astral_Platform/ethereal-shell/rtl/axi/eth_axi_skidbuf.sv' to '/home/polar/Astral_Platform/ethereal-shell/formal/eth_axi_xbar_cover/src/eth_axi_skidbuf.sv'.
SBY  3:38:38 [ethereal-shell/formal/eth_axi_xbar_cover] Copy '/home/polar/Astral_Platform/ethereal-shell/rtl/axi/eth_axi_xbar.sv' to '/home/polar/Astral_Platform/ethereal-shell/formal/eth_axi_xbar_cover/src/eth_axi_xbar.sv'.
SBY  3:38:38 [ethereal-shell/formal/eth_axi_xbar_cover] engine_0: smtbmc
SBY  3:38:38 [ethereal-shell/formal/eth_axi_xbar_cover] base: starting process &quot;cd ethereal-shell/formal/eth_axi_xbar_cover/src; yosys -ql ../model/design.log ../model/design.ys&quot;
SBY  3:38:39 [ethereal-shell/formal/eth_axi_xbar_cover] base: finished (returncode=0)
SBY  3:38:39 [ethereal-shell/formal/eth_axi_xbar_cover] prep: starting process &quot;cd ethereal-shell/formal/eth_axi_xbar_cover/model; yosys -ql design_prep.log design_prep.ys&quot;
SBY  3:38:39 [ethereal-shell/formal/eth_axi_xbar_cover] prep: finished (returncode=0)
SBY  3:38:39 [ethereal-shell/formal/eth_axi_xbar_cover] smt2: starting process &quot;cd ethereal-shell/formal/eth_axi_xbar_cover/model; yosys -ql design_smt2.log design_smt2.ys&quot;
SBY  3:38:39 [ethereal-shell/formal/eth_axi_xbar_cover] smt2: finished (returncode=0)
SBY  3:38:39 [ethereal-shell/formal/eth_axi_xbar_cover] engine_0: starting process &quot;cd ethereal-shell/formal/eth_axi_xbar_cover; yosys-smtbmc --presat --unroll -c --noprogress -t 40  --append 0 --dump-vcd engine_0/trace%.vcd --dump-yw engine_0/trace%.yw --dump-vlogtb engine_0/trace%_tb.v --dump-smtc engine_0/trace%.smtc model/design_smt2.smt2&quot;
SBY  3:38:39 [ethereal-shell/formal/eth_axi_xbar_cover] engine_0: ##   0:00:00  Solver: yices
SBY  3:38:39 [ethereal-shell/formal/eth_axi_xbar_cover] engine_0: ##   0:00:00  Checking cover reachability in step 0..
SBY  3:38:39 [ethereal-shell/formal/eth_axi_xbar_cover] engine_0: ##   0:00:00  Checking cover reachability in step 1..
SBY  3:38:39 [ethereal-shell/formal/eth_axi_xbar_cover] engine_0: ##   0:00:00  Checking cover reachability in step 2..
SBY  3:38:39 [ethereal-shell/formal/eth_axi_xbar_cover] engine_0: ##   0:00:00  Checking cover reachability in step 3..
SBY  3:38:39 [ethereal-shell/formal/eth_axi_xbar_cover] engine_0: ##   0:00:00  Checking cover reachability in step 4..
SBY  3:38:39 [ethereal-shell/formal/eth_axi_xbar_cover] engine_0: ##   0:00:00  Reached cover statement in step 4 at eth_axi_xbar: eth_axi_xbar.sv:863.13-863.50 (_witness_.check_cover_eth_axi_xbar_sv_863_1553)
SBY  3:38:39 [ethereal-shell/formal/eth_axi_xbar_cover] engine_0: ##   0:00:00  Writing trace to VCD file: engine_0/trace0.vcd
SBY  3:38:40 [ethereal-shell/formal/eth_axi_xbar_cover] engine_0: ##   0:00:00  Writing trace to Verilog testbench: engine_0/trace0_tb.v
SBY  3:38:40 [ethereal-shell/formal/eth_axi_xbar_cover] engine_0: ##   0:00:00  Writing trace to constraints file: engine_0/trace0.smtc
SBY  3:38:40 [ethereal-shell/formal/eth_axi_xbar_cover] engine_0: ##   0:00:00  Writing trace to Yosys witness file: engine_0/trace0.yw
SBY  3:38:40 [ethereal-shell/formal/eth_axi_xbar_cover] engine_0: ##   0:00:00  Checking cover reachability in step 4..
SBY  3:38:40 [ethereal-shell/formal/eth_axi_xbar_cover] engine_0: ##   0:00:00  Reached cover statement in step 4 at eth_axi_xbar: eth_axi_xbar.sv:861.13-861.44 (_witness_.check_cover_eth_axi_xbar_sv_861_1547)
SBY  3:38:40 [ethereal-shell/formal/eth_axi_xbar_cover] engine_0: ##   0:00:00  Writing trace to VCD file: engine_0/trace1.vcd
SBY  3:38:40 [ethereal-shell/formal/eth_axi_xbar_cover] engine_0: ##   0:00:00  Writing trace to Verilog testbench: engine_0/trace1_tb.v
SBY  3:38:40 [ethereal-shell/formal/eth_axi_xbar_cover] engine_0: ##   0:00:00  Writing trace to constraints file: engine_0/trace1.smtc
SBY  3:38:40 [ethereal-shell/formal/eth_axi_xbar_cover] engine_0: ##   0:00:00  Writing trace to Yosys witness file: engine_0/trace1.yw
SBY  3:38:40 [ethereal-shell/formal/eth_axi_xbar_cover] engine_0: ##   0:00:00  Checking cover reachability in step 4..
SBY  3:38:40 [ethereal-shell/formal/eth_axi_xbar_cover] engine_0: ##   0:00:00  Reached cover statement in step 4 at eth_axi_xbar: eth_axi_xbar.sv:859.13-859.44 (_witness_.check_cover_eth_axi_xbar_sv_859_1543)
SBY  3:38:40 [ethereal-shell/formal/eth_axi_xbar_cover] engine_0: ##   0:00:00  Writing trace to VCD file: engine_0/trace2.vcd
SBY  3:38:40 [ethereal-shell/formal/eth_axi_xbar_cover] engine_0: ##   0:00:00  Writing trace to Verilog testbench: engine_0/trace2_tb.v
SBY  3:38:40 [ethereal-shell/formal/eth_axi_xbar_cover] engine_0: ##   0:00:00  Writing trace to constraints file: engine_0/trace2.smtc
SBY  3:38:40 [ethereal-shell/formal/eth_axi_xbar_cover] engine_0: ##   0:00:00  Writing trace to Yosys witness file: engine_0/trace2.yw
SBY  3:38:40 [ethereal-shell/formal/eth_axi_xbar_cover] engine_0: ##   0:00:00  Checking cover reachability in step 4..
SBY  3:38:40 [ethereal-shell/formal/eth_axi_xbar_cover] engine_0: ##   0:00:00  Reached cover statement in step 4 at eth_axi_xbar: eth_axi_xbar.sv:860.13-860.48 (_witness_.check_cover_eth_axi_xbar_sv_860_1545)
SBY  3:38:40 [ethereal-shell/formal/eth_axi_xbar_cover] engine_0: ##   0:00:00  Writing trace to VCD file: engine_0/trace3.vcd
SBY  3:38:40 [ethereal-shell/formal/eth_axi_xbar_cover] engine_0: ##   0:00:01  Writing trace to Verilog testbench: engine_0/trace3_tb.v
SBY  3:38:40 [ethereal-shell/formal/eth_axi_xbar_cover] engine_0: ##   0:00:01  Writing trace to constraints file: engine_0/trace3.smtc
SBY  3:38:40 [ethereal-shell/formal/eth_axi_xbar_cover] engine_0: ##   0:00:01  Writing trace to Yosys witness file: engine_0/trace3.yw
SBY  3:38:40 [ethereal-shell/formal/eth_axi_xbar_cover] engine_0: ##   0:00:01  Checking cover reachability in step 4..
SBY  3:38:40 [ethereal-shell/formal/eth_axi_xbar_cover] engine_0: ##   0:00:01  Reached cover statement in step 4 at eth_axi_xbar: eth_axi_xbar.sv:862.13-862.50 (_witness_.check_cover_eth_axi_xbar_sv_862_1551)
SBY  3:38:40 [ethereal-shell/formal/eth_axi_xbar_cover] engine_0: ##   0:00:01  Writing trace to VCD file: engine_0/trace4.vcd
SBY  3:38:40 [ethereal-shell/formal/eth_axi_xbar_cover] engine_0: ##   0:00:01  Writing trace to Verilog testbench: engine_0/trace4_tb.v
SBY  3:38:40 [ethereal-shell/formal/eth_axi_xbar_cover] engine_0: ##   0:00:01  Writing trace to constraints file: engine_0/trace4.smtc
SBY  3:38:40 [ethereal-shell/formal/eth_axi_xbar_cover] engine_0: ##   0:00:01  Writing trace to Yosys witness file: engine_0/trace4.yw
SBY  3:38:40 [ethereal-shell/formal/eth_axi_xbar_cover] engine_0: ##   0:00:01  Checking cover reachability in step 4..
SBY  3:38:40 [ethereal-shell/formal/eth_axi_xbar_cover] engine_0: ##   0:00:01  Checking cover reachability in step 5..
SBY  3:38:40 [ethereal-shell/formal/eth_axi_xbar_cover] engine_0: ##   0:00:01  Checking cover reachability in step 6..
SBY  3:38:40 [ethereal-shell/formal/eth_axi_xbar_cover] engine_0: ##   0:00:01  Reached cover statement in step 6 at eth_axi_xbar: eth_axi_xbar.sv:865.13-865.29 (_witness_.check_cover_eth_axi_xbar_sv_865_1557)
SBY  3:38:40 [ethereal-shell/formal/eth_axi_xbar_cover] engine_0: ##   0:00:01  Writing trace to VCD file: engine_0/trace5.vcd
SBY  3:38:41 [ethereal-shell/formal/eth_axi_xbar_cover] engine_0: ##   0:00:01  Writing trace to Verilog testbench: engine_0/trace5_tb.v
SBY  3:38:41 [ethereal-shell/formal/eth_axi_xbar_cover] engine_0: ##   0:00:01  Writing trace to constraints file: engine_0/trace5.smtc
SBY  3:38:41 [ethereal-shell/formal/eth_axi_xbar_cover] engine_0: ##   0:00:01  Writing trace to Yosys witness file: engine_0/trace5.yw
SBY  3:38:41 [ethereal-shell/formal/eth_axi_xbar_cover] engine_0: ##   0:00:01  Checking cover reachability in step 6..
SBY  3:38:41 [ethereal-shell/formal/eth_axi_xbar_cover] engine_0: ##   0:00:01  Checking cover reachability in step 7..
SBY  3:38:41 [ethereal-shell/formal/eth_axi_xbar_cover] engine_0: ##   0:00:01  Reached cover statement in step 7 at eth_axi_xbar: eth_axi_xbar.sv:864.13-864.29 (_witness_.check_cover_eth_axi_xbar_sv_864_1555)
SBY  3:38:41 [ethereal-shell/formal/eth_axi_xbar_cover] engine_0: ##   0:00:01  Writing trace to VCD file: engine_0/trace6.vcd
SBY  3:38:41 [ethereal-shell/formal/eth_axi_xbar_cover] engine_0: ##   0:00:01  Writing trace to Verilog testbench: engine_0/trace6_tb.v
SBY  3:38:41 [ethereal-shell/formal/eth_axi_xbar_cover] engine_0: ##   0:00:01  Writing trace to constraints file: engine_0/trace6.smtc
SBY  3:38:41 [ethereal-shell/formal/eth_axi_xbar_cover] engine_0: ##   0:00:01  Writing trace to Yosys witness file: engine_0/trace6.yw
SBY  3:38:41 [ethereal-shell/formal/eth_axi_xbar_cover] engine_0: ##   0:00:01  Status: passed
SBY  3:38:41 [ethereal-shell/formal/eth_axi_xbar_cover] engine_0: finished (returncode=0)
SBY  3:38:41 [ethereal-shell/formal/eth_axi_xbar_cover] engine_0: Status returned by engine: pass
SBY  3:38:41 [ethereal-shell/formal/eth_axi_xbar_cover] summary: Elapsed clock time [H:MM:SS (secs)]: 0:00:02 (2)
SBY  3:38:41 [ethereal-shell/formal/eth_axi_xbar_cover] summary: Elapsed process time [H:MM:SS (secs)]: 0:00:04 (4)
SBY  3:38:41 [ethereal-shell/formal/eth_axi_xbar_cover] summary: engine_0 (smtbmc) returned pass
SBY  3:38:41 [ethereal-shell/formal/eth_axi_xbar_cover] summary: cover trace: ethereal-shell/formal/eth_axi_xbar_cover/engine_0/trace0.vcd
SBY  3:38:41 [ethereal-shell/formal/eth_axi_xbar_cover] summary:   reached cover statement eth_axi_xbar._witness_.check_cover_eth_axi_xbar_sv_863_1553 at eth_axi_xbar.sv:863.13-863.50 step 4
SBY  3:38:41 [ethereal-shell/formal/eth_axi_xbar_cover] summary: cover trace: ethereal-shell/formal/eth_axi_xbar_cover/engine_0/trace1.vcd
SBY  3:38:41 [ethereal-shell/formal/eth_axi_xbar_cover] summary:   reached cover statement eth_axi_xbar._witness_.check_cover_eth_axi_xbar_sv_861_1547 at eth_axi_xbar.sv:861.13-861.44 step 4
SBY  3:38:41 [ethereal-shell/formal/eth_axi_xbar_cover] summary: cover trace: ethereal-shell/formal/eth_axi_xbar_cover/engine_0/trace2.vcd
SBY  3:38:41 [ethereal-shell/formal/eth_axi_xbar_cover] summary:   reached cover statement eth_axi_xbar._witness_.check_cover_eth_axi_xbar_sv_859_1543 at eth_axi_xbar.sv:859.13-859.44 step 4
SBY  3:38:41 [ethereal-shell/formal/eth_axi_xbar_cover] summary: cover trace: ethereal-shell/formal/eth_axi_xbar_cover/engine_0/trace3.vcd
SBY  3:38:41 [ethereal-shell/formal/eth_axi_xbar_cover] summary:   reached cover statement eth_axi_xbar._witness_.check_cover_eth_axi_xbar_sv_860_1545 at eth_axi_xbar.sv:860.13-860.48 step 4
SBY  3:38:41 [ethereal-shell/formal/eth_axi_xbar_cover] summary: cover trace: ethereal-shell/formal/eth_axi_xbar_cover/engine_0/trace4.vcd
SBY  3:38:41 [ethereal-shell/formal/eth_axi_xbar_cover] summary:   reached cover statement eth_axi_xbar._witness_.check_cover_eth_axi_xbar_sv_862_1551 at eth_axi_xbar.sv:862.13-862.50 step 4
SBY  3:38:41 [ethereal-shell/formal/eth_axi_xbar_cover] summary: and 2 further traces
SBY  3:38:41 [ethereal-shell/formal/eth_axi_xbar_cover] summary: see ethereal-shell/formal/eth_axi_xbar_cover/PASS for a complete summary
SBY  3:38:41 [ethereal-shell/formal/eth_axi_xbar_cover] DONE (PASS, rc=0)
</system-out>
<system-err>
</system-err>
</testsuite>
</testsuites>
