<?xml version="1.0" encoding="UTF-8"?>
<testsuites>
<testsuite timestamp="2026-09-12T06:45:32" hostname="LAPTOP-5KSA7PDG" package="eth_rv_core" id="0" name="cover" tests="50" errors="0" failures="0" time="9" skipped="39">
<properties>
<property name="os" value="Linux"/>
<property name="expect" value="PASS"/>
<property name="status" value="PASS"/>
</properties>
<testcase classname="cover" name="build execution" time="0">
</testcase>
<testcase classname="cover" name="Property ASSERT in eth_rv_core at eth_rv_core.sv:1006.13-1006.61" time="0" type="ASSERT" location="eth_rv_core.sv:1006.13-1006.61" id="_witness_.check_assert_eth_rv_core_sv_1006_395">
<skipped />
</testcase>
<testcase classname="cover" name="Property ASSERT in eth_rv_core at eth_rv_core.sv:1007.13-1007.63" time="0" type="ASSERT" location="eth_rv_core.sv:1007.13-1007.63" id="_witness_.check_assert_eth_rv_core_sv_1007_398">
<skipped />
</testcase>
<testcase classname="cover" name="Property ASSERT in eth_rv_core at eth_rv_core.sv:1008.13-1008.63" time="0" type="ASSERT" location="eth_rv_core.sv:1008.13-1008.63" id="_witness_.check_assert_eth_rv_core_sv_1008_401">
<skipped />
</testcase>
<testcase classname="cover" name="Property ASSERT in eth_rv_core at eth_rv_core.sv:1009.13-1009.65" time="0" type="ASSERT" location="eth_rv_core.sv:1009.13-1009.65" id="_witness_.check_assert_eth_rv_core_sv_1009_404">
<skipped />
</testcase>
<testcase classname="cover" name="Property ASSERT in eth_rv_core at eth_rv_core.sv:1010.13-1010.63" time="0" type="ASSERT" location="eth_rv_core.sv:1010.13-1010.63" id="_witness_.check_assert_eth_rv_core_sv_1010_407">
<skipped />
</testcase>
<testcase classname="cover" name="Property ASSERT in eth_rv_core at eth_rv_core.sv:1013.13-1013.87" time="0" type="ASSERT" location="eth_rv_core.sv:1013.13-1013.87" id="_witness_.check_assert_eth_rv_core_sv_1013_410">
<skipped />
</testcase>
<testcase classname="cover" name="Property ASSERT in eth_rv_core at eth_rv_core.sv:1017.17-1017.42" time="0" type="ASSERT" location="eth_rv_core.sv:1017.17-1017.42" id="_witness_.check_assert_eth_rv_core_sv_1017_422">
<skipped />
</testcase>
<testcase classname="cover" name="Property ASSERT in eth_rv_core at eth_rv_core.sv:1018.17-1018.44" time="0" type="ASSERT" location="eth_rv_core.sv:1018.17-1018.44" id="_witness_.check_assert_eth_rv_core_sv_1018_423">
<skipped />
</testcase>
<testcase classname="cover" name="Property ASSERT in eth_rv_core at eth_rv_core.sv:1019.17-1019.63" time="0" type="ASSERT" location="eth_rv_core.sv:1019.17-1019.63" id="_witness_.check_assert_eth_rv_core_sv_1019_424">
<skipped />
</testcase>
<testcase classname="cover" name="Property ASSERT in eth_rv_core at eth_rv_core.sv:1020.17-1020.64" time="0" type="ASSERT" location="eth_rv_core.sv:1020.17-1020.64" id="_witness_.check_assert_eth_rv_core_sv_1020_426">
<skipped />
</testcase>
<testcase classname="cover" name="Property ASSERT in eth_rv_core at eth_rv_core.sv:1022.17-1022.70" time="0" type="ASSERT" location="eth_rv_core.sv:1022.17-1022.70" id="_witness_.check_assert_eth_rv_core_sv_1022_428">
<skipped />
</testcase>
<testcase classname="cover" name="Property ASSERT in eth_rv_core at eth_rv_core.sv:1023.17-1023.70" time="0" type="ASSERT" location="eth_rv_core.sv:1023.17-1023.70" id="_witness_.check_assert_eth_rv_core_sv_1023_431">
<skipped />
</testcase>
<testcase classname="cover" name="Property ASSERT in eth_rv_core at eth_rv_core.sv:1024.17-1026.85" time="0" type="ASSERT" location="eth_rv_core.sv:1024.17-1026.85" id="_witness_.check_assert_eth_rv_core_sv_1024_434">
<skipped />
</testcase>
<testcase classname="cover" name="Property ASSERT in eth_rv_core at eth_rv_core.sv:1028.17-1029.79" time="0" type="ASSERT" location="eth_rv_core.sv:1028.17-1029.79" id="_witness_.check_assert_eth_rv_core_sv_1028_444">
<skipped />
</testcase>
<testcase classname="cover" name="Property ASSERT in eth_rv_core at eth_rv_core.sv:1032.17-1033.78" time="0" type="ASSERT" location="eth_rv_core.sv:1032.17-1033.78" id="_witness_.check_assert_eth_rv_core_sv_1032_451">
<skipped />
</testcase>
<testcase classname="cover" name="Property ASSERT in eth_rv_core at eth_rv_core.sv:1038.17-1038.61" time="0" type="ASSERT" location="eth_rv_core.sv:1038.17-1038.61" id="_witness_.check_assert_eth_rv_core_sv_1038_452">
<skipped />
</testcase>
<testcase classname="cover" name="Property ASSERT in eth_rv_core at eth_rv_core.sv:1039.17-1039.77" time="0" type="ASSERT" location="eth_rv_core.sv:1039.17-1039.77" id="_witness_.check_assert_eth_rv_core_sv_1039_456">
<skipped />
</testcase>
<testcase classname="cover" name="Property ASSERT in eth_rv_core at eth_rv_core.sv:1040.17-1040.71" time="0" type="ASSERT" location="eth_rv_core.sv:1040.17-1040.71" id="_witness_.check_assert_eth_rv_core_sv_1040_460">
<skipped />
</testcase>
<testcase classname="cover" name="Property ASSERT in eth_rv_core at eth_rv_core.sv:1041.17-1041.60" time="0" type="ASSERT" location="eth_rv_core.sv:1041.17-1041.60" id="_witness_.check_assert_eth_rv_core_sv_1041_464">
<skipped />
</testcase>
<testcase classname="cover" name="Property ASSERT in eth_rv_core at eth_rv_core.sv:1045.13-1045.80" time="0" type="ASSERT" location="eth_rv_core.sv:1045.13-1045.80" id="_witness_.check_assert_eth_rv_core_sv_1045_467">
<skipped />
</testcase>
<testcase classname="cover" name="Property ASSERT in eth_rv_core at eth_rv_core.sv:947.17-947.43" time="0" type="ASSERT" location="eth_rv_core.sv:947.17-947.43" id="_witness_.check_assert_eth_rv_core_sv_947_346">
<skipped />
</testcase>
<testcase classname="cover" name="Property ASSERT in eth_rv_core at eth_rv_core.sv:948.17-948.41" time="0" type="ASSERT" location="eth_rv_core.sv:948.17-948.41" id="_witness_.check_assert_eth_rv_core_sv_948_347">
<skipped />
</testcase>
<testcase classname="cover" name="Property ASSERT in eth_rv_core at eth_rv_core.sv:949.17-949.41" time="0" type="ASSERT" location="eth_rv_core.sv:949.17-949.41" id="_witness_.check_assert_eth_rv_core_sv_949_349">
<skipped />
</testcase>
<testcase classname="cover" name="Property ASSERT in eth_rv_core at eth_rv_core.sv:951.17-951.51" time="0" type="ASSERT" location="eth_rv_core.sv:951.17-951.51" id="_witness_.check_assert_eth_rv_core_sv_951_351">
<skipped />
</testcase>
<testcase classname="cover" name="Property ASSERT in eth_rv_core at eth_rv_core.sv:956.17-956.55" time="0" type="ASSERT" location="eth_rv_core.sv:956.17-956.55" id="_witness_.check_assert_eth_rv_core_sv_956_353">
<skipped />
</testcase>
<testcase classname="cover" name="Property ASSERT in eth_rv_core at eth_rv_core.sv:957.17-957.57" time="0" type="ASSERT" location="eth_rv_core.sv:957.17-957.57" id="_witness_.check_assert_eth_rv_core_sv_957_355">
<skipped />
</testcase>
<testcase classname="cover" name="Property ASSERT in eth_rv_core at eth_rv_core.sv:964.17-964.36" time="0" type="ASSERT" location="eth_rv_core.sv:964.17-964.36" id="_witness_.check_assert_eth_rv_core_sv_964_359">
<skipped />
</testcase>
<testcase classname="cover" name="Property ASSERT in eth_rv_core at eth_rv_core.sv:967.17-967.36" time="0" type="ASSERT" location="eth_rv_core.sv:967.17-967.36" id="_witness_.check_assert_eth_rv_core_sv_967_361">
<skipped />
</testcase>
<testcase classname="cover" name="Property ASSERT in eth_rv_core at eth_rv_core.sv:972.17-972.37" time="0" type="ASSERT" location="eth_rv_core.sv:972.17-972.37" id="_witness_.check_assert_eth_rv_core_sv_972_363">
<skipped />
</testcase>
<testcase classname="cover" name="Property ASSERT in eth_rv_core at eth_rv_core.sv:977.17-977.58" time="0" type="ASSERT" location="eth_rv_core.sv:977.17-977.58" id="_witness_.check_assert_eth_rv_core_sv_977_365">
<skipped />
</testcase>
<testcase classname="cover" name="Property ASSERT in eth_rv_core at eth_rv_core.sv:978.17-978.55" time="0" type="ASSERT" location="eth_rv_core.sv:978.17-978.55" id="_witness_.check_assert_eth_rv_core_sv_978_367">
<skipped />
</testcase>
<testcase classname="cover" name="Property ASSERT in eth_rv_core at eth_rv_core.sv:979.17-979.57" time="0" type="ASSERT" location="eth_rv_core.sv:979.17-979.57" id="_witness_.check_assert_eth_rv_core_sv_979_369">
<skipped />
</testcase>
<testcase classname="cover" name="Property ASSERT in eth_rv_core at eth_rv_core.sv:980.17-980.57" time="0" type="ASSERT" location="eth_rv_core.sv:980.17-980.57" id="_witness_.check_assert_eth_rv_core_sv_980_371">
<skipped />
</testcase>
<testcase classname="cover" name="Property ASSERT in eth_rv_core at eth_rv_core.sv:981.17-981.57" time="0" type="ASSERT" location="eth_rv_core.sv:981.17-981.57" id="_witness_.check_assert_eth_rv_core_sv_981_373">
<skipped />
</testcase>
<testcase classname="cover" name="Property ASSERT in eth_rv_core at eth_rv_core.sv:987.17-987.42" time="0" type="ASSERT" location="eth_rv_core.sv:987.17-987.42" id="_witness_.check_assert_eth_rv_core_sv_987_377">
<skipped />
</testcase>
<testcase classname="cover" name="Property ASSERT in eth_rv_core at eth_rv_core.sv:988.17-988.41" time="0" type="ASSERT" location="eth_rv_core.sv:988.17-988.41" id="_witness_.check_assert_eth_rv_core_sv_988_378">
<skipped />
</testcase>
<testcase classname="cover" name="Property ASSERT in eth_rv_core at eth_rv_core.sv:989.17-989.50" time="0" type="ASSERT" location="eth_rv_core.sv:989.17-989.50" id="_witness_.check_assert_eth_rv_core_sv_989_380">
<skipped />
</testcase>
<testcase classname="cover" name="Property ASSERT in eth_rv_core at eth_rv_core.sv:992.17-994.43" time="0" type="ASSERT" location="eth_rv_core.sv:992.17-994.43" id="_witness_.check_assert_eth_rv_core_sv_992_385">
<skipped />
</testcase>
<testcase classname="cover" name="Property ASSERT in eth_rv_core at eth_rv_core.sv:997.17-997.43" time="0" type="ASSERT" location="eth_rv_core.sv:997.17-997.43" id="_witness_.check_assert_eth_rv_core_sv_997_394">
<skipped />
</testcase>
<testcase classname="cover" name="Property COVER in eth_rv_core at eth_rv_core.sv:1048.13-1048.32" time="0" type="COVER" location="eth_rv_core.sv:1048.13-1048.32" id="_witness_.check_cover_eth_rv_core_sv_1048_472" tracefile="engine_0/trace4.vcd">
</testcase>
<testcase classname="cover" name="Property COVER in eth_rv_core at eth_rv_core.sv:1049.13-1049.48" time="0" type="COVER" location="eth_rv_core.sv:1049.13-1049.48" id="_witness_.check_cover_eth_rv_core_sv_1049_473" tracefile="engine_0/trace5.vcd">
</testcase>
<testcase classname="cover" name="Property COVER in eth_rv_core at eth_rv_core.sv:1050.13-1050.49" time="0" type="COVER" location="eth_rv_core.sv:1050.13-1050.49" id="_witness_.check_cover_eth_rv_core_sv_1050_475" tracefile="engine_0/trace4.vcd">
</testcase>
<testcase classname="cover" name="Property COVER in eth_rv_core at eth_rv_core.sv:1051.13-1051.73" time="0" type="COVER" location="eth_rv_core.sv:1051.13-1051.73" id="_witness_.check_cover_eth_rv_core_sv_1051_478" tracefile="engine_0/trace6.vcd">
</testcase>
<testcase classname="cover" name="Property COVER in eth_rv_core at eth_rv_core.sv:1052.13-1052.74" time="0" type="COVER" location="eth_rv_core.sv:1052.13-1052.74" id="_witness_.check_cover_eth_rv_core_sv_1052_481" tracefile="engine_0/trace4.vcd">
</testcase>
<testcase classname="cover" name="Property COVER in eth_rv_core at eth_rv_core.sv:1053.13-1053.83" time="0" type="COVER" location="eth_rv_core.sv:1053.13-1053.83" id="_witness_.check_cover_eth_rv_core_sv_1053_484" tracefile="engine_0/trace7.vcd">
</testcase>
<testcase classname="cover" name="Property COVER in eth_rv_core at eth_rv_core.sv:1054.13-1054.40" time="0" type="COVER" location="eth_rv_core.sv:1054.13-1054.40" id="_witness_.check_cover_eth_rv_core_sv_1054_488" tracefile="engine_0/trace2.vcd">
</testcase>
<testcase classname="cover" name="Property COVER in eth_rv_core at eth_rv_core.sv:1055.13-1055.39" time="0" type="COVER" location="eth_rv_core.sv:1055.13-1055.39" id="_witness_.check_cover_eth_rv_core_sv_1055_490" tracefile="engine_0/trace1.vcd">
</testcase>
<testcase classname="cover" name="Property COVER in eth_rv_core at eth_rv_core.sv:1056.13-1056.31" time="0" type="COVER" location="eth_rv_core.sv:1056.13-1056.31" id="_witness_.check_cover_eth_rv_core_sv_1056_492" tracefile="engine_0/trace0.vcd">
</testcase>
<testcase classname="cover" name="Property COVER in eth_rv_core at eth_rv_core.sv:1057.13-1057.28" time="0" type="COVER" location="eth_rv_core.sv:1057.13-1057.28" id="_witness_.check_cover_eth_rv_core_sv_1057_493" tracefile="engine_0/trace3.vcd">
</testcase>
<testcase classname="cover" name="Property COVER in eth_rv_core at eth_rv_core.sv:1058.13-1058.41" time="0" type="COVER" location="eth_rv_core.sv:1058.13-1058.41" id="_witness_.check_cover_eth_rv_core_sv_1058_494" tracefile="engine_0/trace8.vcd">
</testcase>
<system-out>SBY  6:45:24 [ethereal-shell/formal/eth_rv_core_prove] Removing directory '/home/polar/Astral_Platform/ethereal-shell/formal/eth_rv_core_prove'.
SBY  6:45:24 [ethereal-shell/formal/eth_rv_core_cover] Removing directory '/home/polar/Astral_Platform/ethereal-shell/formal/eth_rv_core_cover'.
SBY  6:45:24 [ethereal-shell/formal/eth_rv_core_cover] Copy '/home/polar/Astral_Platform/ethereal-shell/rtl/eth_rv/eth_rv_pkg.sv' to '/home/polar/Astral_Platform/ethereal-shell/formal/eth_rv_core_cover/src/eth_rv_pkg.sv'.
SBY  6:45:24 [ethereal-shell/formal/eth_rv_core_cover] Copy '/home/polar/Astral_Platform/ethereal-shell/rtl/eth_rv/cor_alu.sv' to '/home/polar/Astral_Platform/ethereal-shell/formal/eth_rv_core_cover/src/cor_alu.sv'.
SBY  6:45:24 [ethereal-shell/formal/eth_rv_core_cover] Copy '/home/polar/Astral_Platform/ethereal-shell/rtl/eth_rv/cor_muldiv.sv' to '/home/polar/Astral_Platform/ethereal-shell/formal/eth_rv_core_cover/src/cor_muldiv.sv'.
SBY  6:45:24 [ethereal-shell/formal/eth_rv_core_cover] Copy '/home/polar/Astral_Platform/ethereal-shell/rtl/eth_rv/cor_lsu.sv' to '/home/polar/Astral_Platform/ethereal-shell/formal/eth_rv_core_cover/src/cor_lsu.sv'.
SBY  6:45:24 [ethereal-shell/formal/eth_rv_core_cover] Copy '/home/polar/Astral_Platform/ethereal-shell/rtl/eth_rv/cor_regfile.sv' to '/home/polar/Astral_Platform/ethereal-shell/formal/eth_rv_core_cover/src/cor_regfile.sv'.
SBY  6:45:24 [ethereal-shell/formal/eth_rv_core_cover] Copy '/home/polar/Astral_Platform/ethereal-shell/rtl/eth_rv/cor_decoder.sv' to '/home/polar/Astral_Platform/ethereal-shell/formal/eth_rv_core_cover/src/cor_decoder.sv'.
SBY  6:45:24 [ethereal-shell/formal/eth_rv_core_cover] Copy '/home/polar/Astral_Platform/ethereal-shell/rtl/eth_rv/eth_rv_core.sv' to '/home/polar/Astral_Platform/ethereal-shell/formal/eth_rv_core_cover/src/eth_rv_core.sv'.
SBY  6:45:24 [ethereal-shell/formal/eth_rv_core_cover] engine_0: smtbmc
SBY  6:45:24 [ethereal-shell/formal/eth_rv_core_cover] base: starting process &quot;cd ethereal-shell/formal/eth_rv_core_cover/src; yosys -ql ../model/design.log ../model/design.ys&quot;
SBY  6:45:24 [ethereal-shell/formal/eth_rv_core_cover] base: Warning: Replacing memory \regs_r with list of registers. See cor_regfile.sv:46
SBY  6:45:24 [ethereal-shell/formal/eth_rv_core_cover] base: finished (returncode=0)
SBY  6:45:24 [ethereal-shell/formal/eth_rv_core_cover] prep: starting process &quot;cd ethereal-shell/formal/eth_rv_core_cover/model; yosys -ql design_prep.log design_prep.ys&quot;
SBY  6:45:25 [ethereal-shell/formal/eth_rv_core_cover] prep: finished (returncode=0)
SBY  6:45:25 [ethereal-shell/formal/eth_rv_core_cover] smt2: starting process &quot;cd ethereal-shell/formal/eth_rv_core_cover/model; yosys -ql design_smt2.log design_smt2.ys&quot;
SBY  6:45:25 [ethereal-shell/formal/eth_rv_core_cover] smt2: finished (returncode=0)
SBY  6:45:25 [ethereal-shell/formal/eth_rv_core_cover] engine_0: starting process &quot;cd ethereal-shell/formal/eth_rv_core_cover; yosys-smtbmc --presat --unroll -c --noprogress -t 24  --append 0 --dump-vcd engine_0/trace%.vcd --dump-yw engine_0/trace%.yw --dump-vlogtb engine_0/trace%_tb.v --dump-smtc engine_0/trace%.smtc model/design_smt2.smt2&quot;
SBY  6:45:25 [ethereal-shell/formal/eth_rv_core_cover] engine_0: ##   0:00:00  Solver: yices
SBY  6:45:25 [ethereal-shell/formal/eth_rv_core_cover] engine_0: ##   0:00:00  Checking cover reachability in step 0..
SBY  6:45:25 [ethereal-shell/formal/eth_rv_core_cover] engine_0: ##   0:00:00  Checking cover reachability in step 1..
SBY  6:45:25 [ethereal-shell/formal/eth_rv_core_cover] engine_0: ##   0:00:00  Checking cover reachability in step 2..
SBY  6:45:25 [ethereal-shell/formal/eth_rv_core_cover] engine_0: ##   0:00:00  Checking cover reachability in step 3..
SBY  6:45:25 [ethereal-shell/formal/eth_rv_core_cover] engine_0: ##   0:00:00  Checking cover reachability in step 4..
SBY  6:45:25 [ethereal-shell/formal/eth_rv_core_cover] engine_0: ##   0:00:00  Reached cover statement in step 4 at eth_rv_core: eth_rv_core.sv:1056.13-1056.31 (_witness_.check_cover_eth_rv_core_sv_1056_492)
SBY  6:45:25 [ethereal-shell/formal/eth_rv_core_cover] engine_0: ##   0:00:00  Writing trace to VCD file: engine_0/trace0.vcd
SBY  6:45:25 [ethereal-shell/formal/eth_rv_core_cover] engine_0: ##   0:00:00  Writing trace to Verilog testbench: engine_0/trace0_tb.v
SBY  6:45:25 [ethereal-shell/formal/eth_rv_core_cover] engine_0: ##   0:00:00  Writing trace to constraints file: engine_0/trace0.smtc
SBY  6:45:25 [ethereal-shell/formal/eth_rv_core_cover] engine_0: ##   0:00:00  Writing trace to Yosys witness file: engine_0/trace0.yw
SBY  6:45:25 [ethereal-shell/formal/eth_rv_core_cover] engine_0: ##   0:00:00  Checking cover reachability in step 4..
SBY  6:45:25 [ethereal-shell/formal/eth_rv_core_cover] engine_0: ##   0:00:00  Reached cover statement in step 4 at eth_rv_core: eth_rv_core.sv:1055.13-1055.39 (_witness_.check_cover_eth_rv_core_sv_1055_490)
SBY  6:45:25 [ethereal-shell/formal/eth_rv_core_cover] engine_0: ##   0:00:00  Writing trace to VCD file: engine_0/trace1.vcd
SBY  6:45:26 [ethereal-shell/formal/eth_rv_core_cover] engine_0: ##   0:00:00  Writing trace to Verilog testbench: engine_0/trace1_tb.v
SBY  6:45:26 [ethereal-shell/formal/eth_rv_core_cover] engine_0: ##   0:00:00  Writing trace to constraints file: engine_0/trace1.smtc
SBY  6:45:26 [ethereal-shell/formal/eth_rv_core_cover] engine_0: ##   0:00:00  Writing trace to Yosys witness file: engine_0/trace1.yw
SBY  6:45:26 [ethereal-shell/formal/eth_rv_core_cover] engine_0: ##   0:00:00  Checking cover reachability in step 4..
SBY  6:45:26 [ethereal-shell/formal/eth_rv_core_cover] engine_0: ##   0:00:00  Checking cover reachability in step 5..
SBY  6:45:26 [ethereal-shell/formal/eth_rv_core_cover] engine_0: ##   0:00:01  Reached cover statement in step 5 at eth_rv_core: eth_rv_core.sv:1054.13-1054.40 (_witness_.check_cover_eth_rv_core_sv_1054_488)
SBY  6:45:26 [ethereal-shell/formal/eth_rv_core_cover] engine_0: ##   0:00:01  Writing trace to VCD file: engine_0/trace2.vcd
SBY  6:45:26 [ethereal-shell/formal/eth_rv_core_cover] engine_0: ##   0:00:01  Writing trace to Verilog testbench: engine_0/trace2_tb.v
SBY  6:45:26 [ethereal-shell/formal/eth_rv_core_cover] engine_0: ##   0:00:01  Writing trace to constraints file: engine_0/trace2.smtc
SBY  6:45:26 [ethereal-shell/formal/eth_rv_core_cover] engine_0: ##   0:00:01  Writing trace to Yosys witness file: engine_0/trace2.yw
SBY  6:45:26 [ethereal-shell/formal/eth_rv_core_cover] engine_0: ##   0:00:01  Checking cover reachability in step 5..
SBY  6:45:26 [ethereal-shell/formal/eth_rv_core_cover] engine_0: ##   0:00:01  Reached cover statement in step 5 at eth_rv_core: eth_rv_core.sv:1057.13-1057.28 (_witness_.check_cover_eth_rv_core_sv_1057_493)
SBY  6:45:26 [ethereal-shell/formal/eth_rv_core_cover] engine_0: ##   0:00:01  Writing trace to VCD file: engine_0/trace3.vcd
SBY  6:45:26 [ethereal-shell/formal/eth_rv_core_cover] engine_0: ##   0:00:01  Writing trace to Verilog testbench: engine_0/trace3_tb.v
SBY  6:45:26 [ethereal-shell/formal/eth_rv_core_cover] engine_0: ##   0:00:01  Writing trace to constraints file: engine_0/trace3.smtc
SBY  6:45:26 [ethereal-shell/formal/eth_rv_core_cover] engine_0: ##   0:00:01  Writing trace to Yosys witness file: engine_0/trace3.yw
SBY  6:45:26 [ethereal-shell/formal/eth_rv_core_cover] engine_0: ##   0:00:01  Checking cover reachability in step 5..
SBY  6:45:26 [ethereal-shell/formal/eth_rv_core_cover] engine_0: ##   0:00:01  Checking cover reachability in step 6..
SBY  6:45:27 [ethereal-shell/formal/eth_rv_core_cover] engine_0: ##   0:00:01  Reached cover statement in step 6 at eth_rv_core: eth_rv_core.sv:1048.13-1048.32 (_witness_.check_cover_eth_rv_core_sv_1048_472)
SBY  6:45:27 [ethereal-shell/formal/eth_rv_core_cover] engine_0: ##   0:00:01  Reached cover statement in step 6 at eth_rv_core: eth_rv_core.sv:1050.13-1050.49 (_witness_.check_cover_eth_rv_core_sv_1050_475)
SBY  6:45:27 [ethereal-shell/formal/eth_rv_core_cover] engine_0: ##   0:00:01  Reached cover statement in step 6 at eth_rv_core: eth_rv_core.sv:1052.13-1052.74 (_witness_.check_cover_eth_rv_core_sv_1052_481)
SBY  6:45:27 [ethereal-shell/formal/eth_rv_core_cover] engine_0: ##   0:00:01  Writing trace to VCD file: engine_0/trace4.vcd
SBY  6:45:27 [ethereal-shell/formal/eth_rv_core_cover] engine_0: ##   0:00:01  Writing trace to Verilog testbench: engine_0/trace4_tb.v
SBY  6:45:27 [ethereal-shell/formal/eth_rv_core_cover] engine_0: ##   0:00:01  Writing trace to constraints file: engine_0/trace4.smtc
SBY  6:45:27 [ethereal-shell/formal/eth_rv_core_cover] engine_0: ##   0:00:01  Writing trace to Yosys witness file: engine_0/trace4.yw
SBY  6:45:27 [ethereal-shell/formal/eth_rv_core_cover] engine_0: ##   0:00:01  Checking cover reachability in step 6..
SBY  6:45:27 [ethereal-shell/formal/eth_rv_core_cover] engine_0: ##   0:00:02  Reached cover statement in step 6 at eth_rv_core: eth_rv_core.sv:1049.13-1049.48 (_witness_.check_cover_eth_rv_core_sv_1049_473)
SBY  6:45:27 [ethereal-shell/formal/eth_rv_core_cover] engine_0: ##   0:00:02  Writing trace to VCD file: engine_0/trace5.vcd
SBY  6:45:27 [ethereal-shell/formal/eth_rv_core_cover] engine_0: ##   0:00:02  Writing trace to Verilog testbench: engine_0/trace5_tb.v
SBY  6:45:27 [ethereal-shell/formal/eth_rv_core_cover] engine_0: ##   0:00:02  Writing trace to constraints file: engine_0/trace5.smtc
SBY  6:45:27 [ethereal-shell/formal/eth_rv_core_cover] engine_0: ##   0:00:02  Writing trace to Yosys witness file: engine_0/trace5.yw
SBY  6:45:27 [ethereal-shell/formal/eth_rv_core_cover] engine_0: ##   0:00:02  Checking cover reachability in step 6..
SBY  6:45:27 [ethereal-shell/formal/eth_rv_core_cover] engine_0: ##   0:00:02  Reached cover statement in step 6 at eth_rv_core: eth_rv_core.sv:1051.13-1051.73 (_witness_.check_cover_eth_rv_core_sv_1051_478)
SBY  6:45:27 [ethereal-shell/formal/eth_rv_core_cover] engine_0: ##   0:00:02  Writing trace to VCD file: engine_0/trace6.vcd
SBY  6:45:27 [ethereal-shell/formal/eth_rv_core_cover] engine_0: ##   0:00:02  Writing trace to Verilog testbench: engine_0/trace6_tb.v
SBY  6:45:27 [ethereal-shell/formal/eth_rv_core_cover] engine_0: ##   0:00:02  Writing trace to constraints file: engine_0/trace6.smtc
SBY  6:45:27 [ethereal-shell/formal/eth_rv_core_cover] engine_0: ##   0:00:02  Writing trace to Yosys witness file: engine_0/trace6.yw
SBY  6:45:27 [ethereal-shell/formal/eth_rv_core_cover] engine_0: ##   0:00:02  Checking cover reachability in step 6..
SBY  6:45:28 [ethereal-shell/formal/eth_rv_core_cover] engine_0: ##   0:00:02  Reached cover statement in step 6 at eth_rv_core: eth_rv_core.sv:1053.13-1053.83 (_witness_.check_cover_eth_rv_core_sv_1053_484)
SBY  6:45:28 [ethereal-shell/formal/eth_rv_core_cover] engine_0: ##   0:00:02  Writing trace to VCD file: engine_0/trace7.vcd
SBY  6:45:28 [ethereal-shell/formal/eth_rv_core_cover] engine_0: ##   0:00:03  Writing trace to Verilog testbench: engine_0/trace7_tb.v
SBY  6:45:28 [ethereal-shell/formal/eth_rv_core_cover] engine_0: ##   0:00:03  Writing trace to constraints file: engine_0/trace7.smtc
SBY  6:45:28 [ethereal-shell/formal/eth_rv_core_cover] engine_0: ##   0:00:03  Writing trace to Yosys witness file: engine_0/trace7.yw
SBY  6:45:28 [ethereal-shell/formal/eth_rv_core_cover] engine_0: ##   0:00:03  Checking cover reachability in step 6..
SBY  6:45:28 [ethereal-shell/formal/eth_rv_core_cover] engine_0: ##   0:00:03  Checking cover reachability in step 7..
SBY  6:45:28 [ethereal-shell/formal/eth_rv_core_cover] engine_0: ##   0:00:03  Checking cover reachability in step 8..
SBY  6:45:28 [ethereal-shell/formal/eth_rv_core_cover] engine_0: ##   0:00:03  Checking cover reachability in step 9..
SBY  6:45:29 [ethereal-shell/formal/eth_rv_core_cover] engine_0: ##   0:00:03  Checking cover reachability in step 10..
SBY  6:45:29 [ethereal-shell/formal/eth_rv_core_cover] engine_0: ##   0:00:04  Checking cover reachability in step 11..
SBY  6:45:30 [ethereal-shell/formal/eth_rv_core_cover] engine_0: ##   0:00:05  Checking cover reachability in step 12..
SBY  6:45:31 [ethereal-shell/formal/eth_rv_core_cover] engine_0: ##   0:00:06  Checking cover reachability in step 13..
SBY  6:45:31 [ethereal-shell/formal/eth_rv_core_cover] engine_0: ##   0:00:06  Reached cover statement in step 13 at eth_rv_core: eth_rv_core.sv:1058.13-1058.41 (_witness_.check_cover_eth_rv_core_sv_1058_494)
SBY  6:45:31 [ethereal-shell/formal/eth_rv_core_cover] engine_0: ##   0:00:06  Writing trace to VCD file: engine_0/trace8.vcd
SBY  6:45:32 [ethereal-shell/formal/eth_rv_core_cover] engine_0: ##   0:00:07  Writing trace to Verilog testbench: engine_0/trace8_tb.v
SBY  6:45:32 [ethereal-shell/formal/eth_rv_core_cover] engine_0: ##   0:00:07  Writing trace to constraints file: engine_0/trace8.smtc
SBY  6:45:32 [ethereal-shell/formal/eth_rv_core_cover] engine_0: ##   0:00:07  Writing trace to Yosys witness file: engine_0/trace8.yw
SBY  6:45:32 [ethereal-shell/formal/eth_rv_core_cover] engine_0: ##   0:00:07  Status: passed
SBY  6:45:32 [ethereal-shell/formal/eth_rv_core_cover] engine_0: finished (returncode=0)
SBY  6:45:32 [ethereal-shell/formal/eth_rv_core_cover] engine_0: Status returned by engine: pass
SBY  6:45:32 [ethereal-shell/formal/eth_rv_core_cover] summary: Elapsed clock time [H:MM:SS (secs)]: 0:00:07 (7)
SBY  6:45:32 [ethereal-shell/formal/eth_rv_core_cover] summary: Elapsed process time [H:MM:SS (secs)]: 0:00:09 (9)
SBY  6:45:32 [ethereal-shell/formal/eth_rv_core_cover] summary: engine_0 (smtbmc) returned pass
SBY  6:45:32 [ethereal-shell/formal/eth_rv_core_cover] summary: cover trace: ethereal-shell/formal/eth_rv_core_cover/engine_0/trace0.vcd
SBY  6:45:32 [ethereal-shell/formal/eth_rv_core_cover] summary:   reached cover statement eth_rv_core._witness_.check_cover_eth_rv_core_sv_1056_492 at eth_rv_core.sv:1056.13-1056.31 step 4
SBY  6:45:32 [ethereal-shell/formal/eth_rv_core_cover] summary: cover trace: ethereal-shell/formal/eth_rv_core_cover/engine_0/trace1.vcd
SBY  6:45:32 [ethereal-shell/formal/eth_rv_core_cover] summary:   reached cover statement eth_rv_core._witness_.check_cover_eth_rv_core_sv_1055_490 at eth_rv_core.sv:1055.13-1055.39 step 4
SBY  6:45:32 [ethereal-shell/formal/eth_rv_core_cover] summary: cover trace: ethereal-shell/formal/eth_rv_core_cover/engine_0/trace2.vcd
SBY  6:45:32 [ethereal-shell/formal/eth_rv_core_cover] summary:   reached cover statement eth_rv_core._witness_.check_cover_eth_rv_core_sv_1054_488 at eth_rv_core.sv:1054.13-1054.40 step 5
SBY  6:45:32 [ethereal-shell/formal/eth_rv_core_cover] summary: cover trace: ethereal-shell/formal/eth_rv_core_cover/engine_0/trace3.vcd
SBY  6:45:32 [ethereal-shell/formal/eth_rv_core_cover] summary:   reached cover statement eth_rv_core._witness_.check_cover_eth_rv_core_sv_1057_493 at eth_rv_core.sv:1057.13-1057.28 step 5
SBY  6:45:32 [ethereal-shell/formal/eth_rv_core_cover] summary: cover trace: ethereal-shell/formal/eth_rv_core_cover/engine_0/trace4.vcd
SBY  6:45:32 [ethereal-shell/formal/eth_rv_core_cover] summary:   reached cover statement eth_rv_core._witness_.check_cover_eth_rv_core_sv_1048_472 at eth_rv_core.sv:1048.13-1048.32 step 6
SBY  6:45:32 [ethereal-shell/formal/eth_rv_core_cover] summary:   reached cover statement eth_rv_core._witness_.check_cover_eth_rv_core_sv_1050_475 at eth_rv_core.sv:1050.13-1050.49 step 6
SBY  6:45:32 [ethereal-shell/formal/eth_rv_core_cover] summary:   reached cover statement eth_rv_core._witness_.check_cover_eth_rv_core_sv_1052_481 at eth_rv_core.sv:1052.13-1052.74 step 6
SBY  6:45:32 [ethereal-shell/formal/eth_rv_core_cover] summary: and 4 further traces
SBY  6:45:32 [ethereal-shell/formal/eth_rv_core_cover] summary: see ethereal-shell/formal/eth_rv_core_cover/PASS for a complete summary
SBY  6:45:32 [ethereal-shell/formal/eth_rv_core_cover] DONE (PASS, rc=0)
</system-out>
<system-err>
</system-err>
</testsuite>
</testsuites>
